<?xml version="1.0" encoding="UTF-8"?>
<testsuite xmlns:xsi="http://www.w3.org/2001/XMLSchema-instance" xsi:schemaLocation="https://maven.apache.org/surefire/maven-surefire-plugin/xsd/surefire-test-report.xsd" name="MySquadTest" time="0.001" tests="8" errors="0" skipped="0" failures="3">
  <properties>
[...]
</properties>
  <testcase name="getsSquadPurpose" classname="MySquadTest" time="0"/>
  <testcase name="getsId" classname="MySquadTest" time="0">
    <failure message="expected:&lt;1&gt; but was:&lt;2&gt;" type="java.lang.AssertionError"><![CDATA[java.lang.AssertionError: expected:<1> but was:<2>
	at MySquadTest.getsId(MySquadTest.java:30)
]]></failure>
  </testcase>
  <testcase name="allSquadsAreCorrectlyreturned" classname="MySquadTest" time="0">
    <failure message="expected:&lt;2&gt; but was:&lt;4&gt;" type="java.lang.AssertionError"><![CDATA[java.lang.AssertionError: expected:<2> but was:<4>
	at MySquadTest.allSquadsAreCorrectlyreturned(MySquadTest.java:43)
]]></failure>
  </testcase>
  <testcase name="getsSquadName" classname="MySquadTest" time="0"/>
  <testcase name="getsSquadSize" classname="MySquadTest" time="0"/>
  <testcase name="checkWheatherItInstantiatesProperly" classname="MySquadTest" time="0"/>
  <testcase name="allSquadsContainSquads_true" classname="MySquadTest" time="0"/>
  <testcase name="findReturnsCorrectHeroWhenMoreThanOneHeroExists" classname="MySquadTest" time="0">
    <failure message="expected:&lt;1&gt; but was:&lt;10&gt;" type="java.lang.AssertionError"><![CDATA[java.lang.AssertionError: expected:<1> but was:<10>
	at MySquadTest.findReturnsCorrectHeroWhenMoreThanOneHeroExists(MySquadTest.java:48)
]]></failure>
  </testcase>
</testsuite>